running egg_info
writing /home/hegaozhi/dftc/test/ros2_demo/examples-master/rclpy/topics/build/examples_rclpy_minimal_publisher/examples_rclpy_minimal_publisher.egg-info/PKG-INFO
writing dependency_links to /home/hegaozhi/dftc/test/ros2_demo/examples-master/rclpy/topics/build/examples_rclpy_minimal_publisher/examples_rclpy_minimal_publisher.egg-info/dependency_links.txt
writing entry points to /home/hegaozhi/dftc/test/ros2_demo/examples-master/rclpy/topics/build/examples_rclpy_minimal_publisher/examples_rclpy_minimal_publisher.egg-info/entry_points.txt
writing requirements to /home/hegaozhi/dftc/test/ros2_demo/examples-master/rclpy/topics/build/examples_rclpy_minimal_publisher/examples_rclpy_minimal_publisher.egg-info/requires.txt
writing top-level names to /home/hegaozhi/dftc/test/ros2_demo/examples-master/rclpy/topics/build/examples_rclpy_minimal_publisher/examples_rclpy_minimal_publisher.egg-info/top_level.txt
reading manifest file '/home/hegaozhi/dftc/test/ros2_demo/examples-master/rclpy/topics/build/examples_rclpy_minimal_publisher/examples_rclpy_minimal_publisher.egg-info/SOURCES.txt'
writing manifest file '/home/hegaozhi/dftc/test/ros2_demo/examples-master/rclpy/topics/build/examples_rclpy_minimal_publisher/examples_rclpy_minimal_publisher.egg-info/SOURCES.txt'
running build
running build_py
running install
running install_lib
running install_data
running install_egg_info
removing '/home/hegaozhi/dftc/test/ros2_demo/examples-master/rclpy/topics/install/examples_rclpy_minimal_publisher/lib/python3.6/site-packages/examples_rclpy_minimal_publisher-0.9.2-py3.6.egg-info' (and everything under it)
Copying /home/hegaozhi/dftc/test/ros2_demo/examples-master/rclpy/topics/build/examples_rclpy_minimal_publisher/examples_rclpy_minimal_publisher.egg-info to /home/hegaozhi/dftc/test/ros2_demo/examples-master/rclpy/topics/install/examples_rclpy_minimal_publisher/lib/python3.6/site-packages/examples_rclpy_minimal_publisher-0.9.2-py3.6.egg-info
running install_scripts
Installing publisher_local_function script to /home/hegaozhi/dftc/test/ros2_demo/examples-master/rclpy/topics/install/examples_rclpy_minimal_publisher/lib/examples_rclpy_minimal_publisher
Installing publisher_member_function script to /home/hegaozhi/dftc/test/ros2_demo/examples-master/rclpy/topics/install/examples_rclpy_minimal_publisher/lib/examples_rclpy_minimal_publisher
Installing publisher_old_school script to /home/hegaozhi/dftc/test/ros2_demo/examples-master/rclpy/topics/install/examples_rclpy_minimal_publisher/lib/examples_rclpy_minimal_publisher
writing list of installed files to '/home/hegaozhi/dftc/test/ros2_demo/examples-master/rclpy/topics/build/examples_rclpy_minimal_publisher/install.log'
