[0.528s] Invoking command in '/home/hegaozhi/dftc/test/ros2_demo/examples-master/rclpy/topics/minimal_publisher': PYTHONPATH=/home/hegaozhi/dftc/test/ros2_demo/examples-master/rclpy/topics/install/examples_rclpy_minimal_publisher/lib/python3.6/site-packages:${PYTHONPATH} /usr/bin/python3 setup.py egg_info --egg-base /home/hegaozhi/dftc/test/ros2_demo/examples-master/rclpy/topics/build/examples_rclpy_minimal_publisher build --build-base /home/hegaozhi/dftc/test/ros2_demo/examples-master/rclpy/topics/build/examples_rclpy_minimal_publisher/build install --prefix /home/hegaozhi/dftc/test/ros2_demo/examples-master/rclpy/topics/install/examples_rclpy_minimal_publisher --record /home/hegaozhi/dftc/test/ros2_demo/examples-master/rclpy/topics/build/examples_rclpy_minimal_publisher/install.log --single-version-externally-managed
[0.748s] running egg_info
[0.749s] writing /home/hegaozhi/dftc/test/ros2_demo/examples-master/rclpy/topics/build/examples_rclpy_minimal_publisher/examples_rclpy_minimal_publisher.egg-info/PKG-INFO
[0.750s] writing dependency_links to /home/hegaozhi/dftc/test/ros2_demo/examples-master/rclpy/topics/build/examples_rclpy_minimal_publisher/examples_rclpy_minimal_publisher.egg-info/dependency_links.txt
[0.750s] writing entry points to /home/hegaozhi/dftc/test/ros2_demo/examples-master/rclpy/topics/build/examples_rclpy_minimal_publisher/examples_rclpy_minimal_publisher.egg-info/entry_points.txt
[0.750s] writing requirements to /home/hegaozhi/dftc/test/ros2_demo/examples-master/rclpy/topics/build/examples_rclpy_minimal_publisher/examples_rclpy_minimal_publisher.egg-info/requires.txt
[0.750s] writing top-level names to /home/hegaozhi/dftc/test/ros2_demo/examples-master/rclpy/topics/build/examples_rclpy_minimal_publisher/examples_rclpy_minimal_publisher.egg-info/top_level.txt
[0.781s] reading manifest file '/home/hegaozhi/dftc/test/ros2_demo/examples-master/rclpy/topics/build/examples_rclpy_minimal_publisher/examples_rclpy_minimal_publisher.egg-info/SOURCES.txt'
[0.782s] writing manifest file '/home/hegaozhi/dftc/test/ros2_demo/examples-master/rclpy/topics/build/examples_rclpy_minimal_publisher/examples_rclpy_minimal_publisher.egg-info/SOURCES.txt'
[0.782s] running build
[0.783s] running build_py
[0.783s] running install
[0.783s] running install_lib
[0.784s] running install_data
[0.785s] running install_egg_info
[0.787s] removing '/home/hegaozhi/dftc/test/ros2_demo/examples-master/rclpy/topics/install/examples_rclpy_minimal_publisher/lib/python3.6/site-packages/examples_rclpy_minimal_publisher-0.9.2-py3.6.egg-info' (and everything under it)
[0.787s] Copying /home/hegaozhi/dftc/test/ros2_demo/examples-master/rclpy/topics/build/examples_rclpy_minimal_publisher/examples_rclpy_minimal_publisher.egg-info to /home/hegaozhi/dftc/test/ros2_demo/examples-master/rclpy/topics/install/examples_rclpy_minimal_publisher/lib/python3.6/site-packages/examples_rclpy_minimal_publisher-0.9.2-py3.6.egg-info
[0.788s] running install_scripts
[0.808s] Installing publisher_local_function script to /home/hegaozhi/dftc/test/ros2_demo/examples-master/rclpy/topics/install/examples_rclpy_minimal_publisher/lib/examples_rclpy_minimal_publisher
[0.809s] Installing publisher_member_function script to /home/hegaozhi/dftc/test/ros2_demo/examples-master/rclpy/topics/install/examples_rclpy_minimal_publisher/lib/examples_rclpy_minimal_publisher
[0.809s] Installing publisher_old_school script to /home/hegaozhi/dftc/test/ros2_demo/examples-master/rclpy/topics/install/examples_rclpy_minimal_publisher/lib/examples_rclpy_minimal_publisher
[0.809s] writing list of installed files to '/home/hegaozhi/dftc/test/ros2_demo/examples-master/rclpy/topics/build/examples_rclpy_minimal_publisher/install.log'
[0.841s] Invoked command in '/home/hegaozhi/dftc/test/ros2_demo/examples-master/rclpy/topics/minimal_publisher' returned '0': PYTHONPATH=/home/hegaozhi/dftc/test/ros2_demo/examples-master/rclpy/topics/install/examples_rclpy_minimal_publisher/lib/python3.6/site-packages:${PYTHONPATH} /usr/bin/python3 setup.py egg_info --egg-base /home/hegaozhi/dftc/test/ros2_demo/examples-master/rclpy/topics/build/examples_rclpy_minimal_publisher build --build-base /home/hegaozhi/dftc/test/ros2_demo/examples-master/rclpy/topics/build/examples_rclpy_minimal_publisher/build install --prefix /home/hegaozhi/dftc/test/ros2_demo/examples-master/rclpy/topics/install/examples_rclpy_minimal_publisher --record /home/hegaozhi/dftc/test/ros2_demo/examples-master/rclpy/topics/build/examples_rclpy_minimal_publisher/install.log --single-version-externally-managed
