[0.032s] Invoking command in '/home/hegaozhi/dftc/test/ros2_demo/examples-master/rclcpp/topics/build/examples_rclcpp_minimal_publisher': CMAKE_PREFIX_PATH=${CMAKE_PREFIX_PATH}:/home/hegaozhi/dftc/test/ros2_demo/examples-master/rclpy/topics/install/examples_rclpy_minimal_subscriber:/home/hegaozhi/dftc/test/ros2_demo/examples-master/rclpy/topics/install/examples_rclpy_minimal_publisher /usr/bin/cmake --build /home/hegaozhi/dftc/test/ros2_demo/examples-master/rclcpp/topics/build/examples_rclcpp_minimal_publisher -- -j2 -l2
[0.126s] [ 33%] Built target publisher_lambda
[0.132s] [ 66%] Built target publisher_member_function
[0.186s] [100%] Built target publisher_not_composable
[0.198s] Invoked command in '/home/hegaozhi/dftc/test/ros2_demo/examples-master/rclcpp/topics/build/examples_rclcpp_minimal_publisher' returned '0': CMAKE_PREFIX_PATH=${CMAKE_PREFIX_PATH}:/home/hegaozhi/dftc/test/ros2_demo/examples-master/rclpy/topics/install/examples_rclpy_minimal_subscriber:/home/hegaozhi/dftc/test/ros2_demo/examples-master/rclpy/topics/install/examples_rclpy_minimal_publisher /usr/bin/cmake --build /home/hegaozhi/dftc/test/ros2_demo/examples-master/rclcpp/topics/build/examples_rclcpp_minimal_publisher -- -j2 -l2
[0.242s] Invoking command in '/home/hegaozhi/dftc/test/ros2_demo/examples-master/rclcpp/topics/build/examples_rclcpp_minimal_publisher': CMAKE_PREFIX_PATH=${CMAKE_PREFIX_PATH}:/home/hegaozhi/dftc/test/ros2_demo/examples-master/rclpy/topics/install/examples_rclpy_minimal_subscriber:/home/hegaozhi/dftc/test/ros2_demo/examples-master/rclpy/topics/install/examples_rclpy_minimal_publisher /usr/bin/cmake --build /home/hegaozhi/dftc/test/ros2_demo/examples-master/rclcpp/topics/build/examples_rclcpp_minimal_publisher --target install -- -j2 -l2
[0.330s] [ 33%] Built target publisher_lambda
[0.358s] [ 66%] Built target publisher_member_function
[0.368s] [100%] Built target publisher_not_composable
[0.387s] [36mInstall the project...[0m
[0.397s] -- Install configuration: ""
[0.397s] -- Up-to-date: /home/hegaozhi/dftc/test/ros2_demo/examples-master/rclcpp/topics/install/examples_rclcpp_minimal_publisher/lib/examples_rclcpp_minimal_publisher/publisher_lambda
[0.397s] -- Up-to-date: /home/hegaozhi/dftc/test/ros2_demo/examples-master/rclcpp/topics/install/examples_rclcpp_minimal_publisher/lib/examples_rclcpp_minimal_publisher/publisher_member_function
[0.398s] -- Up-to-date: /home/hegaozhi/dftc/test/ros2_demo/examples-master/rclcpp/topics/install/examples_rclcpp_minimal_publisher/lib/examples_rclcpp_minimal_publisher/publisher_not_composable
[0.398s] -- Up-to-date: /home/hegaozhi/dftc/test/ros2_demo/examples-master/rclcpp/topics/install/examples_rclcpp_minimal_publisher/share/ament_index/resource_index/package_run_dependencies/examples_rclcpp_minimal_publisher
[0.398s] -- Up-to-date: /home/hegaozhi/dftc/test/ros2_demo/examples-master/rclcpp/topics/install/examples_rclcpp_minimal_publisher/share/ament_index/resource_index/parent_prefix_path/examples_rclcpp_minimal_publisher
[0.399s] -- Up-to-date: /home/hegaozhi/dftc/test/ros2_demo/examples-master/rclcpp/topics/install/examples_rclcpp_minimal_publisher/share/examples_rclcpp_minimal_publisher/environment/ament_prefix_path.sh
[0.399s] -- Up-to-date: /home/hegaozhi/dftc/test/ros2_demo/examples-master/rclcpp/topics/install/examples_rclcpp_minimal_publisher/share/examples_rclcpp_minimal_publisher/environment/path.sh
[0.399s] -- Up-to-date: /home/hegaozhi/dftc/test/ros2_demo/examples-master/rclcpp/topics/install/examples_rclcpp_minimal_publisher/share/examples_rclcpp_minimal_publisher/local_setup.bash
[0.399s] -- Up-to-date: /home/hegaozhi/dftc/test/ros2_demo/examples-master/rclcpp/topics/install/examples_rclcpp_minimal_publisher/share/examples_rclcpp_minimal_publisher/local_setup.sh
[0.399s] -- Up-to-date: /home/hegaozhi/dftc/test/ros2_demo/examples-master/rclcpp/topics/install/examples_rclcpp_minimal_publisher/share/examples_rclcpp_minimal_publisher/local_setup.zsh
[0.400s] -- Up-to-date: /home/hegaozhi/dftc/test/ros2_demo/examples-master/rclcpp/topics/install/examples_rclcpp_minimal_publisher/share/ament_index/resource_index/packages/examples_rclcpp_minimal_publisher
[0.400s] -- Up-to-date: /home/hegaozhi/dftc/test/ros2_demo/examples-master/rclcpp/topics/install/examples_rclcpp_minimal_publisher/share/examples_rclcpp_minimal_publisher/cmake/examples_rclcpp_minimal_publisherConfig.cmake
[0.400s] -- Up-to-date: /home/hegaozhi/dftc/test/ros2_demo/examples-master/rclcpp/topics/install/examples_rclcpp_minimal_publisher/share/examples_rclcpp_minimal_publisher/cmake/examples_rclcpp_minimal_publisherConfig-version.cmake
[0.400s] -- Up-to-date: /home/hegaozhi/dftc/test/ros2_demo/examples-master/rclcpp/topics/install/examples_rclcpp_minimal_publisher/share/examples_rclcpp_minimal_publisher/package.xml
[0.403s] Invoked command in '/home/hegaozhi/dftc/test/ros2_demo/examples-master/rclcpp/topics/build/examples_rclcpp_minimal_publisher' returned '0': CMAKE_PREFIX_PATH=${CMAKE_PREFIX_PATH}:/home/hegaozhi/dftc/test/ros2_demo/examples-master/rclpy/topics/install/examples_rclpy_minimal_subscriber:/home/hegaozhi/dftc/test/ros2_demo/examples-master/rclpy/topics/install/examples_rclpy_minimal_publisher /usr/bin/cmake --build /home/hegaozhi/dftc/test/ros2_demo/examples-master/rclcpp/topics/build/examples_rclcpp_minimal_publisher --target install -- -j2 -l2
