running egg_info
creating /home/hegaozhi/dftc/test/ros2_demo/examples-master/rclpy/topics/build/examples_rclpy_minimal_publisher/examples_rclpy_minimal_publisher.egg-info
writing /home/hegaozhi/dftc/test/ros2_demo/examples-master/rclpy/topics/build/examples_rclpy_minimal_publisher/examples_rclpy_minimal_publisher.egg-info/PKG-INFO
writing dependency_links to /home/hegaozhi/dftc/test/ros2_demo/examples-master/rclpy/topics/build/examples_rclpy_minimal_publisher/examples_rclpy_minimal_publisher.egg-info/dependency_links.txt
writing entry points to /home/hegaozhi/dftc/test/ros2_demo/examples-master/rclpy/topics/build/examples_rclpy_minimal_publisher/examples_rclpy_minimal_publisher.egg-info/entry_points.txt
writing requirements to /home/hegaozhi/dftc/test/ros2_demo/examples-master/rclpy/topics/build/examples_rclpy_minimal_publisher/examples_rclpy_minimal_publisher.egg-info/requires.txt
writing top-level names to /home/hegaozhi/dftc/test/ros2_demo/examples-master/rclpy/topics/build/examples_rclpy_minimal_publisher/examples_rclpy_minimal_publisher.egg-info/top_level.txt
writing manifest file '/home/hegaozhi/dftc/test/ros2_demo/examples-master/rclpy/topics/build/examples_rclpy_minimal_publisher/examples_rclpy_minimal_publisher.egg-info/SOURCES.txt'
reading manifest file '/home/hegaozhi/dftc/test/ros2_demo/examples-master/rclpy/topics/build/examples_rclpy_minimal_publisher/examples_rclpy_minimal_publisher.egg-info/SOURCES.txt'
writing manifest file '/home/hegaozhi/dftc/test/ros2_demo/examples-master/rclpy/topics/build/examples_rclpy_minimal_publisher/examples_rclpy_minimal_publisher.egg-info/SOURCES.txt'
running build
running build_py
creating /home/hegaozhi/dftc/test/ros2_demo/examples-master/rclpy/topics/build/examples_rclpy_minimal_publisher/build
creating /home/hegaozhi/dftc/test/ros2_demo/examples-master/rclpy/topics/build/examples_rclpy_minimal_publisher/build/lib
creating /home/hegaozhi/dftc/test/ros2_demo/examples-master/rclpy/topics/build/examples_rclpy_minimal_publisher/build/lib/examples_rclpy_minimal_publisher
copying examples_rclpy_minimal_publisher/__init__.py -> /home/hegaozhi/dftc/test/ros2_demo/examples-master/rclpy/topics/build/examples_rclpy_minimal_publisher/build/lib/examples_rclpy_minimal_publisher
copying examples_rclpy_minimal_publisher/publisher_member_function.py -> /home/hegaozhi/dftc/test/ros2_demo/examples-master/rclpy/topics/build/examples_rclpy_minimal_publisher/build/lib/examples_rclpy_minimal_publisher
copying examples_rclpy_minimal_publisher/publisher_local_function.py -> /home/hegaozhi/dftc/test/ros2_demo/examples-master/rclpy/topics/build/examples_rclpy_minimal_publisher/build/lib/examples_rclpy_minimal_publisher
copying examples_rclpy_minimal_publisher/publisher_old_school.py -> /home/hegaozhi/dftc/test/ros2_demo/examples-master/rclpy/topics/build/examples_rclpy_minimal_publisher/build/lib/examples_rclpy_minimal_publisher
running install
running install_lib
creating /home/hegaozhi/dftc/test/ros2_demo/examples-master/rclpy/topics/install/examples_rclpy_minimal_publisher/lib/python3.6/site-packages/examples_rclpy_minimal_publisher
copying /home/hegaozhi/dftc/test/ros2_demo/examples-master/rclpy/topics/build/examples_rclpy_minimal_publisher/build/lib/examples_rclpy_minimal_publisher/__init__.py -> /home/hegaozhi/dftc/test/ros2_demo/examples-master/rclpy/topics/install/examples_rclpy_minimal_publisher/lib/python3.6/site-packages/examples_rclpy_minimal_publisher
copying /home/hegaozhi/dftc/test/ros2_demo/examples-master/rclpy/topics/build/examples_rclpy_minimal_publisher/build/lib/examples_rclpy_minimal_publisher/publisher_member_function.py -> /home/hegaozhi/dftc/test/ros2_demo/examples-master/rclpy/topics/install/examples_rclpy_minimal_publisher/lib/python3.6/site-packages/examples_rclpy_minimal_publisher
copying /home/hegaozhi/dftc/test/ros2_demo/examples-master/rclpy/topics/build/examples_rclpy_minimal_publisher/build/lib/examples_rclpy_minimal_publisher/publisher_local_function.py -> /home/hegaozhi/dftc/test/ros2_demo/examples-master/rclpy/topics/install/examples_rclpy_minimal_publisher/lib/python3.6/site-packages/examples_rclpy_minimal_publisher
copying /home/hegaozhi/dftc/test/ros2_demo/examples-master/rclpy/topics/build/examples_rclpy_minimal_publisher/build/lib/examples_rclpy_minimal_publisher/publisher_old_school.py -> /home/hegaozhi/dftc/test/ros2_demo/examples-master/rclpy/topics/install/examples_rclpy_minimal_publisher/lib/python3.6/site-packages/examples_rclpy_minimal_publisher
byte-compiling /home/hegaozhi/dftc/test/ros2_demo/examples-master/rclpy/topics/install/examples_rclpy_minimal_publisher/lib/python3.6/site-packages/examples_rclpy_minimal_publisher/__init__.py to __init__.cpython-36.pyc
byte-compiling /home/hegaozhi/dftc/test/ros2_demo/examples-master/rclpy/topics/install/examples_rclpy_minimal_publisher/lib/python3.6/site-packages/examples_rclpy_minimal_publisher/publisher_member_function.py to publisher_member_function.cpython-36.pyc
byte-compiling /home/hegaozhi/dftc/test/ros2_demo/examples-master/rclpy/topics/install/examples_rclpy_minimal_publisher/lib/python3.6/site-packages/examples_rclpy_minimal_publisher/publisher_local_function.py to publisher_local_function.cpython-36.pyc
byte-compiling /home/hegaozhi/dftc/test/ros2_demo/examples-master/rclpy/topics/install/examples_rclpy_minimal_publisher/lib/python3.6/site-packages/examples_rclpy_minimal_publisher/publisher_old_school.py to publisher_old_school.cpython-36.pyc
running install_data
creating /home/hegaozhi/dftc/test/ros2_demo/examples-master/rclpy/topics/install/examples_rclpy_minimal_publisher/share/ament_index
creating /home/hegaozhi/dftc/test/ros2_demo/examples-master/rclpy/topics/install/examples_rclpy_minimal_publisher/share/ament_index/resource_index
creating /home/hegaozhi/dftc/test/ros2_demo/examples-master/rclpy/topics/install/examples_rclpy_minimal_publisher/share/ament_index/resource_index/packages
copying resource/examples_rclpy_minimal_publisher -> /home/hegaozhi/dftc/test/ros2_demo/examples-master/rclpy/topics/install/examples_rclpy_minimal_publisher/share/ament_index/resource_index/packages
copying package.xml -> /home/hegaozhi/dftc/test/ros2_demo/examples-master/rclpy/topics/install/examples_rclpy_minimal_publisher/share/examples_rclpy_minimal_publisher
running install_egg_info
Copying /home/hegaozhi/dftc/test/ros2_demo/examples-master/rclpy/topics/build/examples_rclpy_minimal_publisher/examples_rclpy_minimal_publisher.egg-info to /home/hegaozhi/dftc/test/ros2_demo/examples-master/rclpy/topics/install/examples_rclpy_minimal_publisher/lib/python3.6/site-packages/examples_rclpy_minimal_publisher-0.9.2-py3.6.egg-info
running install_scripts
Installing publisher_local_function script to /home/hegaozhi/dftc/test/ros2_demo/examples-master/rclpy/topics/install/examples_rclpy_minimal_publisher/lib/examples_rclpy_minimal_publisher
Installing publisher_member_function script to /home/hegaozhi/dftc/test/ros2_demo/examples-master/rclpy/topics/install/examples_rclpy_minimal_publisher/lib/examples_rclpy_minimal_publisher
Installing publisher_old_school script to /home/hegaozhi/dftc/test/ros2_demo/examples-master/rclpy/topics/install/examples_rclpy_minimal_publisher/lib/examples_rclpy_minimal_publisher
writing list of installed files to '/home/hegaozhi/dftc/test/ros2_demo/examples-master/rclpy/topics/build/examples_rclpy_minimal_publisher/install.log'
