[0.459s] Invoking command in '/home/hegaozhi/dftc/test/ros2_demo/examples-master/rclpy/topics/minimal_publisher': PYTHONPATH=/home/hegaozhi/dftc/test/ros2_demo/examples-master/rclpy/topics/install/examples_rclpy_minimal_publisher/lib/python3.6/site-packages: /usr/bin/python3 setup.py egg_info --egg-base /home/hegaozhi/dftc/test/ros2_demo/examples-master/rclpy/topics/build/examples_rclpy_minimal_publisher build --build-base /home/hegaozhi/dftc/test/ros2_demo/examples-master/rclpy/topics/build/examples_rclpy_minimal_publisher/build install --prefix /home/hegaozhi/dftc/test/ros2_demo/examples-master/rclpy/topics/install/examples_rclpy_minimal_publisher --record /home/hegaozhi/dftc/test/ros2_demo/examples-master/rclpy/topics/build/examples_rclpy_minimal_publisher/install.log --single-version-externally-managed
[0.670s] running egg_info
[0.670s] creating /home/hegaozhi/dftc/test/ros2_demo/examples-master/rclpy/topics/build/examples_rclpy_minimal_publisher/examples_rclpy_minimal_publisher.egg-info
[0.671s] writing /home/hegaozhi/dftc/test/ros2_demo/examples-master/rclpy/topics/build/examples_rclpy_minimal_publisher/examples_rclpy_minimal_publisher.egg-info/PKG-INFO
[0.671s] writing dependency_links to /home/hegaozhi/dftc/test/ros2_demo/examples-master/rclpy/topics/build/examples_rclpy_minimal_publisher/examples_rclpy_minimal_publisher.egg-info/dependency_links.txt
[0.672s] writing entry points to /home/hegaozhi/dftc/test/ros2_demo/examples-master/rclpy/topics/build/examples_rclpy_minimal_publisher/examples_rclpy_minimal_publisher.egg-info/entry_points.txt
[0.672s] writing requirements to /home/hegaozhi/dftc/test/ros2_demo/examples-master/rclpy/topics/build/examples_rclpy_minimal_publisher/examples_rclpy_minimal_publisher.egg-info/requires.txt
[0.672s] writing top-level names to /home/hegaozhi/dftc/test/ros2_demo/examples-master/rclpy/topics/build/examples_rclpy_minimal_publisher/examples_rclpy_minimal_publisher.egg-info/top_level.txt
[0.672s] writing manifest file '/home/hegaozhi/dftc/test/ros2_demo/examples-master/rclpy/topics/build/examples_rclpy_minimal_publisher/examples_rclpy_minimal_publisher.egg-info/SOURCES.txt'
[0.704s] reading manifest file '/home/hegaozhi/dftc/test/ros2_demo/examples-master/rclpy/topics/build/examples_rclpy_minimal_publisher/examples_rclpy_minimal_publisher.egg-info/SOURCES.txt'
[0.705s] writing manifest file '/home/hegaozhi/dftc/test/ros2_demo/examples-master/rclpy/topics/build/examples_rclpy_minimal_publisher/examples_rclpy_minimal_publisher.egg-info/SOURCES.txt'
[0.706s] running build
[0.706s] running build_py
[0.706s] creating /home/hegaozhi/dftc/test/ros2_demo/examples-master/rclpy/topics/build/examples_rclpy_minimal_publisher/build
[0.707s] creating /home/hegaozhi/dftc/test/ros2_demo/examples-master/rclpy/topics/build/examples_rclpy_minimal_publisher/build/lib
[0.707s] creating /home/hegaozhi/dftc/test/ros2_demo/examples-master/rclpy/topics/build/examples_rclpy_minimal_publisher/build/lib/examples_rclpy_minimal_publisher
[0.707s] copying examples_rclpy_minimal_publisher/__init__.py -> /home/hegaozhi/dftc/test/ros2_demo/examples-master/rclpy/topics/build/examples_rclpy_minimal_publisher/build/lib/examples_rclpy_minimal_publisher
[0.707s] copying examples_rclpy_minimal_publisher/publisher_member_function.py -> /home/hegaozhi/dftc/test/ros2_demo/examples-master/rclpy/topics/build/examples_rclpy_minimal_publisher/build/lib/examples_rclpy_minimal_publisher
[0.711s] copying examples_rclpy_minimal_publisher/publisher_local_function.py -> /home/hegaozhi/dftc/test/ros2_demo/examples-master/rclpy/topics/build/examples_rclpy_minimal_publisher/build/lib/examples_rclpy_minimal_publisher
[0.712s] copying examples_rclpy_minimal_publisher/publisher_old_school.py -> /home/hegaozhi/dftc/test/ros2_demo/examples-master/rclpy/topics/build/examples_rclpy_minimal_publisher/build/lib/examples_rclpy_minimal_publisher
[0.713s] running install
[0.713s] running install_lib
[0.714s] creating /home/hegaozhi/dftc/test/ros2_demo/examples-master/rclpy/topics/install/examples_rclpy_minimal_publisher/lib/python3.6/site-packages/examples_rclpy_minimal_publisher
[0.714s] copying /home/hegaozhi/dftc/test/ros2_demo/examples-master/rclpy/topics/build/examples_rclpy_minimal_publisher/build/lib/examples_rclpy_minimal_publisher/__init__.py -> /home/hegaozhi/dftc/test/ros2_demo/examples-master/rclpy/topics/install/examples_rclpy_minimal_publisher/lib/python3.6/site-packages/examples_rclpy_minimal_publisher
[0.715s] copying /home/hegaozhi/dftc/test/ros2_demo/examples-master/rclpy/topics/build/examples_rclpy_minimal_publisher/build/lib/examples_rclpy_minimal_publisher/publisher_member_function.py -> /home/hegaozhi/dftc/test/ros2_demo/examples-master/rclpy/topics/install/examples_rclpy_minimal_publisher/lib/python3.6/site-packages/examples_rclpy_minimal_publisher
[0.715s] copying /home/hegaozhi/dftc/test/ros2_demo/examples-master/rclpy/topics/build/examples_rclpy_minimal_publisher/build/lib/examples_rclpy_minimal_publisher/publisher_local_function.py -> /home/hegaozhi/dftc/test/ros2_demo/examples-master/rclpy/topics/install/examples_rclpy_minimal_publisher/lib/python3.6/site-packages/examples_rclpy_minimal_publisher
[0.715s] copying /home/hegaozhi/dftc/test/ros2_demo/examples-master/rclpy/topics/build/examples_rclpy_minimal_publisher/build/lib/examples_rclpy_minimal_publisher/publisher_old_school.py -> /home/hegaozhi/dftc/test/ros2_demo/examples-master/rclpy/topics/install/examples_rclpy_minimal_publisher/lib/python3.6/site-packages/examples_rclpy_minimal_publisher
[0.716s] byte-compiling /home/hegaozhi/dftc/test/ros2_demo/examples-master/rclpy/topics/install/examples_rclpy_minimal_publisher/lib/python3.6/site-packages/examples_rclpy_minimal_publisher/__init__.py to __init__.cpython-36.pyc
[0.718s] byte-compiling /home/hegaozhi/dftc/test/ros2_demo/examples-master/rclpy/topics/install/examples_rclpy_minimal_publisher/lib/python3.6/site-packages/examples_rclpy_minimal_publisher/publisher_member_function.py to publisher_member_function.cpython-36.pyc
[0.718s] byte-compiling /home/hegaozhi/dftc/test/ros2_demo/examples-master/rclpy/topics/install/examples_rclpy_minimal_publisher/lib/python3.6/site-packages/examples_rclpy_minimal_publisher/publisher_local_function.py to publisher_local_function.cpython-36.pyc
[0.720s] byte-compiling /home/hegaozhi/dftc/test/ros2_demo/examples-master/rclpy/topics/install/examples_rclpy_minimal_publisher/lib/python3.6/site-packages/examples_rclpy_minimal_publisher/publisher_old_school.py to publisher_old_school.cpython-36.pyc
[0.721s] running install_data
[0.723s] creating /home/hegaozhi/dftc/test/ros2_demo/examples-master/rclpy/topics/install/examples_rclpy_minimal_publisher/share/ament_index
[0.723s] creating /home/hegaozhi/dftc/test/ros2_demo/examples-master/rclpy/topics/install/examples_rclpy_minimal_publisher/share/ament_index/resource_index
[0.723s] creating /home/hegaozhi/dftc/test/ros2_demo/examples-master/rclpy/topics/install/examples_rclpy_minimal_publisher/share/ament_index/resource_index/packages
[0.723s] copying resource/examples_rclpy_minimal_publisher -> /home/hegaozhi/dftc/test/ros2_demo/examples-master/rclpy/topics/install/examples_rclpy_minimal_publisher/share/ament_index/resource_index/packages
[0.724s] copying package.xml -> /home/hegaozhi/dftc/test/ros2_demo/examples-master/rclpy/topics/install/examples_rclpy_minimal_publisher/share/examples_rclpy_minimal_publisher
[0.724s] running install_egg_info
[0.727s] Copying /home/hegaozhi/dftc/test/ros2_demo/examples-master/rclpy/topics/build/examples_rclpy_minimal_publisher/examples_rclpy_minimal_publisher.egg-info to /home/hegaozhi/dftc/test/ros2_demo/examples-master/rclpy/topics/install/examples_rclpy_minimal_publisher/lib/python3.6/site-packages/examples_rclpy_minimal_publisher-0.9.2-py3.6.egg-info
[0.728s] running install_scripts
[0.749s] Installing publisher_local_function script to /home/hegaozhi/dftc/test/ros2_demo/examples-master/rclpy/topics/install/examples_rclpy_minimal_publisher/lib/examples_rclpy_minimal_publisher
[0.750s] Installing publisher_member_function script to /home/hegaozhi/dftc/test/ros2_demo/examples-master/rclpy/topics/install/examples_rclpy_minimal_publisher/lib/examples_rclpy_minimal_publisher
[0.750s] Installing publisher_old_school script to /home/hegaozhi/dftc/test/ros2_demo/examples-master/rclpy/topics/install/examples_rclpy_minimal_publisher/lib/examples_rclpy_minimal_publisher
[0.752s] writing list of installed files to '/home/hegaozhi/dftc/test/ros2_demo/examples-master/rclpy/topics/build/examples_rclpy_minimal_publisher/install.log'
[0.793s] Invoked command in '/home/hegaozhi/dftc/test/ros2_demo/examples-master/rclpy/topics/minimal_publisher' returned '0': PYTHONPATH=/home/hegaozhi/dftc/test/ros2_demo/examples-master/rclpy/topics/install/examples_rclpy_minimal_publisher/lib/python3.6/site-packages: /usr/bin/python3 setup.py egg_info --egg-base /home/hegaozhi/dftc/test/ros2_demo/examples-master/rclpy/topics/build/examples_rclpy_minimal_publisher build --build-base /home/hegaozhi/dftc/test/ros2_demo/examples-master/rclpy/topics/build/examples_rclpy_minimal_publisher/build install --prefix /home/hegaozhi/dftc/test/ros2_demo/examples-master/rclpy/topics/install/examples_rclpy_minimal_publisher --record /home/hegaozhi/dftc/test/ros2_demo/examples-master/rclpy/topics/build/examples_rclpy_minimal_publisher/install.log --single-version-externally-managed
