-- The C compiler identification is GNU 7.5.0
-- The CXX compiler identification is GNU 7.5.0
-- Check for working C compiler: /usr/bin/cc
-- Check for working C compiler: /usr/bin/cc -- works
-- Detecting C compiler ABI info
-- Detecting C compiler ABI info - done
-- Detecting C compile features
-- Detecting C compile features - done
-- Check for working CXX compiler: /usr/bin/c++
-- Check for working CXX compiler: /usr/bin/c++ -- works
-- Detecting CXX compiler ABI info
-- Detecting CXX compiler ABI info - done
-- Detecting CXX compile features
-- Detecting CXX compile features - done
-- Found ament_cmake: 0.7.5 (/opt/ros/dashing/share/ament_cmake/cmake)
-- Found PythonInterp: /usr/bin/python3 (found suitable version "3.6.9", minimum required is "3") 
-- Using PYTHON_EXECUTABLE: /usr/bin/python3
-- Found rclcpp: 0.7.14 (/opt/ros/dashing/share/rclcpp/cmake)
-- Found rosidl_adapter: 0.7.9 (/opt/ros/dashing/share/rosidl_adapter/cmake)
-- Found rmw_implementation_cmake: 0.7.2 (/opt/ros/dashing/share/rmw_implementation_cmake/cmake)
-- Using RMW implementation 'rmw_fastrtps_cpp' as default
-- Looking for pthread.h
-- Looking for pthread.h - found
-- Looking for pthread_create
-- Looking for pthread_create - not found
-- Looking for pthread_create in pthreads
-- Looking for pthread_create in pthreads - not found
-- Looking for pthread_create in pthread
-- Looking for pthread_create in pthread - found
-- Found Threads: TRUE  
-- Found std_msgs: 0.7.0 (/opt/ros/dashing/share/std_msgs/cmake)
-- Found ament_lint_auto: 0.7.12 (/opt/ros/dashing/share/ament_lint_auto/cmake)
-- Added test 'copyright' to check for copyright in CMake / C / C++ / Python code
-- Added test 'cppcheck' to perform static code analysis on C / C++ code
-- Configured cppcheck include dirs: 
-- Added test 'cpplint' to check C / C++ code against the Google style
-- Added test 'lint_cmake' to check CMake code style
-- Added test 'uncrustify' to check C / C++ code style
-- Added test 'xmllint' to check XML markup files
-- Configuring done
-- Generating done
-- Build files have been written to: /home/hegaozhi/dftc/test/ros2_demo/examples-master/rclcpp/topics/build/examples_rclcpp_minimal_publisher
[35m[1mScanning dependencies of target publisher_member_function[0m
[35m[1mScanning dependencies of target publisher_lambda[0m
[ 16%] [32mBuilding CXX object CMakeFiles/publisher_member_function.dir/member_function.cpp.o[0m
[ 33%] [32mBuilding CXX object CMakeFiles/publisher_lambda.dir/lambda.cpp.o[0m
[ 50%] [32m[1mLinking CXX executable publisher_lambda[0m
[ 66%] [32m[1mLinking CXX executable publisher_member_function[0m
[ 66%] Built target publisher_lambda
[35m[1mScanning dependencies of target publisher_not_composable[0m
[ 66%] Built target publisher_member_function
[ 83%] [32mBuilding CXX object CMakeFiles/publisher_not_composable.dir/not_composable.cpp.o[0m
[100%] [32m[1mLinking CXX executable publisher_not_composable[0m
[100%] Built target publisher_not_composable
[ 33%] Built target publisher_lambda
[ 66%] Built target publisher_member_function
[100%] Built target publisher_not_composable
[36mInstall the project...[0m
-- Install configuration: ""
-- Installing: /home/hegaozhi/dftc/test/ros2_demo/examples-master/rclcpp/topics/install/examples_rclcpp_minimal_publisher/lib/examples_rclcpp_minimal_publisher/publisher_lambda
-- Set runtime path of "/home/hegaozhi/dftc/test/ros2_demo/examples-master/rclcpp/topics/install/examples_rclcpp_minimal_publisher/lib/examples_rclcpp_minimal_publisher/publisher_lambda" to ""
-- Installing: /home/hegaozhi/dftc/test/ros2_demo/examples-master/rclcpp/topics/install/examples_rclcpp_minimal_publisher/lib/examples_rclcpp_minimal_publisher/publisher_member_function
-- Set runtime path of "/home/hegaozhi/dftc/test/ros2_demo/examples-master/rclcpp/topics/install/examples_rclcpp_minimal_publisher/lib/examples_rclcpp_minimal_publisher/publisher_member_function" to ""
-- Installing: /home/hegaozhi/dftc/test/ros2_demo/examples-master/rclcpp/topics/install/examples_rclcpp_minimal_publisher/lib/examples_rclcpp_minimal_publisher/publisher_not_composable
-- Set runtime path of "/home/hegaozhi/dftc/test/ros2_demo/examples-master/rclcpp/topics/install/examples_rclcpp_minimal_publisher/lib/examples_rclcpp_minimal_publisher/publisher_not_composable" to ""
-- Installing: /home/hegaozhi/dftc/test/ros2_demo/examples-master/rclcpp/topics/install/examples_rclcpp_minimal_publisher/share/ament_index/resource_index/package_run_dependencies/examples_rclcpp_minimal_publisher
-- Installing: /home/hegaozhi/dftc/test/ros2_demo/examples-master/rclcpp/topics/install/examples_rclcpp_minimal_publisher/share/ament_index/resource_index/parent_prefix_path/examples_rclcpp_minimal_publisher
-- Installing: /home/hegaozhi/dftc/test/ros2_demo/examples-master/rclcpp/topics/install/examples_rclcpp_minimal_publisher/share/examples_rclcpp_minimal_publisher/environment/ament_prefix_path.sh
-- Installing: /home/hegaozhi/dftc/test/ros2_demo/examples-master/rclcpp/topics/install/examples_rclcpp_minimal_publisher/share/examples_rclcpp_minimal_publisher/environment/path.sh
-- Installing: /home/hegaozhi/dftc/test/ros2_demo/examples-master/rclcpp/topics/install/examples_rclcpp_minimal_publisher/share/examples_rclcpp_minimal_publisher/local_setup.bash
-- Installing: /home/hegaozhi/dftc/test/ros2_demo/examples-master/rclcpp/topics/install/examples_rclcpp_minimal_publisher/share/examples_rclcpp_minimal_publisher/local_setup.sh
-- Installing: /home/hegaozhi/dftc/test/ros2_demo/examples-master/rclcpp/topics/install/examples_rclcpp_minimal_publisher/share/examples_rclcpp_minimal_publisher/local_setup.zsh
-- Installing: /home/hegaozhi/dftc/test/ros2_demo/examples-master/rclcpp/topics/install/examples_rclcpp_minimal_publisher/share/ament_index/resource_index/packages/examples_rclcpp_minimal_publisher
-- Installing: /home/hegaozhi/dftc/test/ros2_demo/examples-master/rclcpp/topics/install/examples_rclcpp_minimal_publisher/share/examples_rclcpp_minimal_publisher/cmake/examples_rclcpp_minimal_publisherConfig.cmake
-- Installing: /home/hegaozhi/dftc/test/ros2_demo/examples-master/rclcpp/topics/install/examples_rclcpp_minimal_publisher/share/examples_rclcpp_minimal_publisher/cmake/examples_rclcpp_minimal_publisherConfig-version.cmake
-- Installing: /home/hegaozhi/dftc/test/ros2_demo/examples-master/rclcpp/topics/install/examples_rclcpp_minimal_publisher/share/examples_rclcpp_minimal_publisher/package.xml
