/home/hegaozhi/dftc/test/ros2_demo/examples-master/rclpy/topics/install/examples_rclpy_minimal_publisher/lib/python3.6/site-packages/examples_rclpy_minimal_publisher/__init__.py
/home/hegaozhi/dftc/test/ros2_demo/examples-master/rclpy/topics/install/examples_rclpy_minimal_publisher/lib/python3.6/site-packages/examples_rclpy_minimal_publisher/publisher_member_function.py
/home/hegaozhi/dftc/test/ros2_demo/examples-master/rclpy/topics/install/examples_rclpy_minimal_publisher/lib/python3.6/site-packages/examples_rclpy_minimal_publisher/publisher_local_function.py
/home/hegaozhi/dftc/test/ros2_demo/examples-master/rclpy/topics/install/examples_rclpy_minimal_publisher/lib/python3.6/site-packages/examples_rclpy_minimal_publisher/publisher_old_school.py
/home/hegaozhi/dftc/test/ros2_demo/examples-master/rclpy/topics/install/examples_rclpy_minimal_publisher/lib/python3.6/site-packages/examples_rclpy_minimal_publisher/__pycache__/__init__.cpython-36.pyc
/home/hegaozhi/dftc/test/ros2_demo/examples-master/rclpy/topics/install/examples_rclpy_minimal_publisher/lib/python3.6/site-packages/examples_rclpy_minimal_publisher/__pycache__/publisher_member_function.cpython-36.pyc
/home/hegaozhi/dftc/test/ros2_demo/examples-master/rclpy/topics/install/examples_rclpy_minimal_publisher/lib/python3.6/site-packages/examples_rclpy_minimal_publisher/__pycache__/publisher_local_function.cpython-36.pyc
/home/hegaozhi/dftc/test/ros2_demo/examples-master/rclpy/topics/install/examples_rclpy_minimal_publisher/lib/python3.6/site-packages/examples_rclpy_minimal_publisher/__pycache__/publisher_old_school.cpython-36.pyc
/home/hegaozhi/dftc/test/ros2_demo/examples-master/rclpy/topics/install/examples_rclpy_minimal_publisher/share/ament_index/resource_index/packages/examples_rclpy_minimal_publisher
/home/hegaozhi/dftc/test/ros2_demo/examples-master/rclpy/topics/install/examples_rclpy_minimal_publisher/share/examples_rclpy_minimal_publisher/package.xml
/home/hegaozhi/dftc/test/ros2_demo/examples-master/rclpy/topics/install/examples_rclpy_minimal_publisher/lib/python3.6/site-packages/examples_rclpy_minimal_publisher-0.9.2-py3.6.egg-info/SOURCES.txt
/home/hegaozhi/dftc/test/ros2_demo/examples-master/rclpy/topics/install/examples_rclpy_minimal_publisher/lib/python3.6/site-packages/examples_rclpy_minimal_publisher-0.9.2-py3.6.egg-info/dependency_links.txt
/home/hegaozhi/dftc/test/ros2_demo/examples-master/rclpy/topics/install/examples_rclpy_minimal_publisher/lib/python3.6/site-packages/examples_rclpy_minimal_publisher-0.9.2-py3.6.egg-info/requires.txt
/home/hegaozhi/dftc/test/ros2_demo/examples-master/rclpy/topics/install/examples_rclpy_minimal_publisher/lib/python3.6/site-packages/examples_rclpy_minimal_publisher-0.9.2-py3.6.egg-info/entry_points.txt
/home/hegaozhi/dftc/test/ros2_demo/examples-master/rclpy/topics/install/examples_rclpy_minimal_publisher/lib/python3.6/site-packages/examples_rclpy_minimal_publisher-0.9.2-py3.6.egg-info/zip-safe
/home/hegaozhi/dftc/test/ros2_demo/examples-master/rclpy/topics/install/examples_rclpy_minimal_publisher/lib/python3.6/site-packages/examples_rclpy_minimal_publisher-0.9.2-py3.6.egg-info/PKG-INFO
/home/hegaozhi/dftc/test/ros2_demo/examples-master/rclpy/topics/install/examples_rclpy_minimal_publisher/lib/python3.6/site-packages/examples_rclpy_minimal_publisher-0.9.2-py3.6.egg-info/top_level.txt
/home/hegaozhi/dftc/test/ros2_demo/examples-master/rclpy/topics/install/examples_rclpy_minimal_publisher/lib/examples_rclpy_minimal_publisher/publisher_local_function
/home/hegaozhi/dftc/test/ros2_demo/examples-master/rclpy/topics/install/examples_rclpy_minimal_publisher/lib/examples_rclpy_minimal_publisher/publisher_member_function
/home/hegaozhi/dftc/test/ros2_demo/examples-master/rclpy/topics/install/examples_rclpy_minimal_publisher/lib/examples_rclpy_minimal_publisher/publisher_old_school
