[0.172s] DEBUG:colcon:Command line arguments: ['/usr/bin/colcon', 'build']
[0.172s] DEBUG:colcon:Parsed command line arguments: Namespace(ament_cmake_args=None, base_paths=['.'], build_base='build', catkin_cmake_args=None, catkin_skip_building_tests=False, cmake_args=None, cmake_clean_cache=False, cmake_clean_first=False, cmake_force_configure=False, cmake_target=None, cmake_target_skip_unavailable=False, continue_on_error=False, event_handlers=None, executor='parallel', ignore_user_meta=False, install_base='install', log_base=None, log_level=None, main=<bound method BuildVerb.main of <colcon_core.verb.build.BuildVerb object at 0x7fa5737e4898>>, merge_install=False, metas=['./colcon.meta'], packages_above=None, packages_above_and_dependencies=None, packages_above_depth=None, packages_end=None, packages_ignore=None, packages_ignore_regex=None, packages_select=None, packages_select_build_failed=False, packages_select_by_dep=None, packages_select_regex=None, packages_select_test_failures=False, packages_skip=None, packages_skip_build_finished=False, packages_skip_by_dep=None, packages_skip_regex=None, packages_skip_test_passed=False, packages_skip_up_to=None, packages_start=None, packages_up_to=None, packages_up_to_regex=None, parallel_workers=2, paths=None, symlink_install=False, test_result_base=None, verb_extension=<colcon_core.verb.build.BuildVerb object at 0x7fa5737e4898>, verb_name='build', verb_parser=<colcon_defaults.argument_parser.defaults.DefaultArgumentsDecorator object at 0x7fa5737e4ba8>)
[0.194s] Level 1:colcon.colcon_core.package_discovery:discover_packages(colcon_meta) check parameters
[0.194s] Level 1:colcon.colcon_core.package_discovery:discover_packages(recursive) check parameters
[0.194s] Level 1:colcon.colcon_core.package_discovery:discover_packages(ignore) check parameters
[0.194s] Level 1:colcon.colcon_core.package_discovery:discover_packages(path) check parameters
[0.194s] Level 1:colcon.colcon_core.package_discovery:discover_packages(colcon_meta) discover
[0.194s] Level 1:colcon.colcon_core.package_discovery:discover_packages(recursive) discover
[0.194s] INFO:colcon.colcon_core.package_discovery:Crawling recursively for packages in '/home/hegaozhi/dftc/test/ros2_demo/examples-master/rclcpp/topics'
[0.195s] Level 1:colcon.colcon_core.package_identification:_identify(.) by extensions ['ignore', 'ignore_ament_install']
[0.195s] Level 1:colcon.colcon_core.package_identification:_identify(.) by extension 'ignore'
[0.195s] Level 1:colcon.colcon_core.package_identification:_identify(.) by extension 'ignore_ament_install'
[0.195s] Level 1:colcon.colcon_core.package_identification:_identify(.) by extensions ['colcon_pkg']
[0.195s] Level 1:colcon.colcon_core.package_identification:_identify(.) by extension 'colcon_pkg'
[0.195s] Level 1:colcon.colcon_core.package_identification:_identify(.) by extensions ['colcon_meta']
[0.195s] Level 1:colcon.colcon_core.package_identification:_identify(.) by extension 'colcon_meta'
[0.195s] Level 1:colcon.colcon_core.package_identification:_identify(.) by extensions ['ros']
[0.195s] Level 1:colcon.colcon_core.package_identification:_identify(.) by extension 'ros'
[0.207s] Level 1:colcon.colcon_core.package_identification:_identify(.) by extensions ['cmake', 'python']
[0.208s] Level 1:colcon.colcon_core.package_identification:_identify(.) by extension 'cmake'
[0.208s] Level 1:colcon.colcon_core.package_identification:_identify(.) by extension 'python'
[0.208s] Level 1:colcon.colcon_core.package_identification:_identify(.) by extensions ['python_setup_py']
[0.208s] Level 1:colcon.colcon_core.package_identification:_identify(.) by extension 'python_setup_py'
[0.208s] Level 1:colcon.colcon_core.package_identification:_identify(build) by extensions ['ignore', 'ignore_ament_install']
[0.208s] Level 1:colcon.colcon_core.package_identification:_identify(build) by extension 'ignore'
[0.208s] Level 1:colcon.colcon_core.package_identification:_identify(build) ignored
[0.208s] Level 1:colcon.colcon_core.package_identification:_identify(install) by extensions ['ignore', 'ignore_ament_install']
[0.208s] Level 1:colcon.colcon_core.package_identification:_identify(install) by extension 'ignore'
[0.208s] Level 1:colcon.colcon_core.package_identification:_identify(install) ignored
[0.208s] Level 1:colcon.colcon_core.package_identification:_identify(log) by extensions ['ignore', 'ignore_ament_install']
[0.209s] Level 1:colcon.colcon_core.package_identification:_identify(log) by extension 'ignore'
[0.209s] Level 1:colcon.colcon_core.package_identification:_identify(log) ignored
[0.209s] Level 1:colcon.colcon_core.package_identification:_identify(minimal_publisher) by extensions ['ignore', 'ignore_ament_install']
[0.209s] Level 1:colcon.colcon_core.package_identification:_identify(minimal_publisher) by extension 'ignore'
[0.209s] Level 1:colcon.colcon_core.package_identification:_identify(minimal_publisher) by extension 'ignore_ament_install'
[0.209s] Level 1:colcon.colcon_core.package_identification:_identify(minimal_publisher) by extensions ['colcon_pkg']
[0.209s] Level 1:colcon.colcon_core.package_identification:_identify(minimal_publisher) by extension 'colcon_pkg'
[0.209s] Level 1:colcon.colcon_core.package_identification:_identify(minimal_publisher) by extensions ['colcon_meta']
[0.209s] Level 1:colcon.colcon_core.package_identification:_identify(minimal_publisher) by extension 'colcon_meta'
[0.209s] Level 1:colcon.colcon_core.package_identification:_identify(minimal_publisher) by extensions ['ros']
[0.209s] Level 1:colcon.colcon_core.package_identification:_identify(minimal_publisher) by extension 'ros'
[0.211s] DEBUG:colcon.colcon_core.package_identification:Package 'minimal_publisher' with type 'ros.ament_cmake' and name 'examples_rclcpp_minimal_publisher'
[0.211s] Level 1:colcon.colcon_core.package_identification:_identify(minimal_subscriber) by extensions ['ignore', 'ignore_ament_install']
[0.212s] Level 1:colcon.colcon_core.package_identification:_identify(minimal_subscriber) by extension 'ignore'
[0.212s] Level 1:colcon.colcon_core.package_identification:_identify(minimal_subscriber) by extension 'ignore_ament_install'
[0.212s] Level 1:colcon.colcon_core.package_identification:_identify(minimal_subscriber) by extensions ['colcon_pkg']
[0.212s] Level 1:colcon.colcon_core.package_identification:_identify(minimal_subscriber) by extension 'colcon_pkg'
[0.212s] Level 1:colcon.colcon_core.package_identification:_identify(minimal_subscriber) by extensions ['colcon_meta']
[0.212s] Level 1:colcon.colcon_core.package_identification:_identify(minimal_subscriber) by extension 'colcon_meta'
[0.212s] Level 1:colcon.colcon_core.package_identification:_identify(minimal_subscriber) by extensions ['ros']
[0.212s] Level 1:colcon.colcon_core.package_identification:_identify(minimal_subscriber) by extension 'ros'
[0.212s] DEBUG:colcon.colcon_core.package_identification:Package 'minimal_subscriber' with type 'ros.ament_cmake' and name 'examples_rclcpp_minimal_subscriber'
[0.212s] Level 1:colcon.colcon_core.package_discovery:discover_packages(recursive) using defaults
[0.213s] Level 1:colcon.colcon_core.package_discovery:discover_packages(ignore) discover
[0.213s] Level 1:colcon.colcon_core.package_discovery:discover_packages(ignore) using defaults
[0.213s] Level 1:colcon.colcon_core.package_discovery:discover_packages(path) discover
[0.213s] Level 1:colcon.colcon_core.package_discovery:discover_packages(path) using defaults
[0.219s] Level 5:colcon.colcon_core.verb:set package 'examples_rclcpp_minimal_publisher' build argument 'cmake_args' from command line to 'None'
[0.219s] Level 5:colcon.colcon_core.verb:set package 'examples_rclcpp_minimal_publisher' build argument 'cmake_target' from command line to 'None'
[0.219s] Level 5:colcon.colcon_core.verb:set package 'examples_rclcpp_minimal_publisher' build argument 'cmake_target_skip_unavailable' from command line to 'False'
[0.219s] Level 5:colcon.colcon_core.verb:set package 'examples_rclcpp_minimal_publisher' build argument 'cmake_clean_cache' from command line to 'False'
[0.219s] Level 5:colcon.colcon_core.verb:set package 'examples_rclcpp_minimal_publisher' build argument 'cmake_clean_first' from command line to 'False'
[0.219s] Level 5:colcon.colcon_core.verb:set package 'examples_rclcpp_minimal_publisher' build argument 'cmake_force_configure' from command line to 'False'
[0.219s] Level 5:colcon.colcon_core.verb:set package 'examples_rclcpp_minimal_publisher' build argument 'ament_cmake_args' from command line to 'None'
[0.219s] Level 5:colcon.colcon_core.verb:set package 'examples_rclcpp_minimal_publisher' build argument 'catkin_cmake_args' from command line to 'None'
[0.219s] Level 5:colcon.colcon_core.verb:set package 'examples_rclcpp_minimal_publisher' build argument 'catkin_skip_building_tests' from command line to 'False'
[0.219s] DEBUG:colcon.colcon_core.verb:Building package 'examples_rclcpp_minimal_publisher' with the following arguments: {'ament_cmake_args': None, 'build_base': '/home/hegaozhi/dftc/test/ros2_demo/examples-master/rclcpp/topics/build/examples_rclcpp_minimal_publisher', 'catkin_cmake_args': None, 'catkin_skip_building_tests': False, 'cmake_args': None, 'cmake_clean_cache': False, 'cmake_clean_first': False, 'cmake_force_configure': False, 'cmake_target': None, 'cmake_target_skip_unavailable': False, 'install_base': '/home/hegaozhi/dftc/test/ros2_demo/examples-master/rclcpp/topics/install/examples_rclcpp_minimal_publisher', 'merge_install': False, 'path': '/home/hegaozhi/dftc/test/ros2_demo/examples-master/rclcpp/topics/minimal_publisher', 'symlink_install': False, 'test_result_base': None}
[0.222s] Level 5:colcon.colcon_core.verb:set package 'examples_rclcpp_minimal_subscriber' build argument 'cmake_args' from command line to 'None'
[0.222s] Level 5:colcon.colcon_core.verb:set package 'examples_rclcpp_minimal_subscriber' build argument 'cmake_target' from command line to 'None'
[0.222s] Level 5:colcon.colcon_core.verb:set package 'examples_rclcpp_minimal_subscriber' build argument 'cmake_target_skip_unavailable' from command line to 'False'
[0.222s] Level 5:colcon.colcon_core.verb:set package 'examples_rclcpp_minimal_subscriber' build argument 'cmake_clean_cache' from command line to 'False'
[0.222s] Level 5:colcon.colcon_core.verb:set package 'examples_rclcpp_minimal_subscriber' build argument 'cmake_clean_first' from command line to 'False'
[0.222s] Level 5:colcon.colcon_core.verb:set package 'examples_rclcpp_minimal_subscriber' build argument 'cmake_force_configure' from command line to 'False'
[0.222s] Level 5:colcon.colcon_core.verb:set package 'examples_rclcpp_minimal_subscriber' build argument 'ament_cmake_args' from command line to 'None'
[0.222s] Level 5:colcon.colcon_core.verb:set package 'examples_rclcpp_minimal_subscriber' build argument 'catkin_cmake_args' from command line to 'None'
[0.222s] Level 5:colcon.colcon_core.verb:set package 'examples_rclcpp_minimal_subscriber' build argument 'catkin_skip_building_tests' from command line to 'False'
[0.222s] DEBUG:colcon.colcon_core.verb:Building package 'examples_rclcpp_minimal_subscriber' with the following arguments: {'ament_cmake_args': None, 'build_base': '/home/hegaozhi/dftc/test/ros2_demo/examples-master/rclcpp/topics/build/examples_rclcpp_minimal_subscriber', 'catkin_cmake_args': None, 'catkin_skip_building_tests': False, 'cmake_args': None, 'cmake_clean_cache': False, 'cmake_clean_first': False, 'cmake_force_configure': False, 'cmake_target': None, 'cmake_target_skip_unavailable': False, 'install_base': '/home/hegaozhi/dftc/test/ros2_demo/examples-master/rclcpp/topics/install/examples_rclcpp_minimal_subscriber', 'merge_install': False, 'path': '/home/hegaozhi/dftc/test/ros2_demo/examples-master/rclcpp/topics/minimal_subscriber', 'symlink_install': False, 'test_result_base': None}
[0.223s] INFO:colcon.colcon_core.executor:Executing jobs using 'parallel' executor
[0.225s] DEBUG:colcon.colcon_parallel_executor.executor.parallel:run_until_complete
[0.225s] INFO:colcon.colcon_ros.task.ament_cmake.build:Building ROS package in '/home/hegaozhi/dftc/test/ros2_demo/examples-master/rclcpp/topics/minimal_publisher' with build type 'ament_cmake'
[0.229s] INFO:colcon.colcon_core.plugin_system:Skipping extension 'colcon_core.shell.bat': Not used on non-Windows systems
[0.229s] INFO:colcon.colcon_cmake.task.cmake.build:Building CMake package in '/home/hegaozhi/dftc/test/ros2_demo/examples-master/rclcpp/topics/minimal_publisher'
[0.230s] INFO:colcon.colcon_core.shell:Skip shell extension 'powershell' for command environment: Not usable outside of PowerShell
[0.230s] DEBUG:colcon.colcon_core.shell:Skip shell extension 'dsv' for command environment
[0.232s] DEBUG:colcon.colcon_core.shell:Ignoring prefix path '/opt/ros/dashing'
[0.236s] INFO:colcon.colcon_ros.task.ament_cmake.build:Building ROS package in '/home/hegaozhi/dftc/test/ros2_demo/examples-master/rclcpp/topics/minimal_subscriber' with build type 'ament_cmake'
[0.237s] INFO:colcon.colcon_cmake.task.cmake.build:Building CMake package in '/home/hegaozhi/dftc/test/ros2_demo/examples-master/rclcpp/topics/minimal_subscriber'
[0.238s] INFO:colcon.colcon_core.shell:Skip shell extension 'powershell' for command environment: Not usable outside of PowerShell
[0.238s] DEBUG:colcon.colcon_core.shell:Skip shell extension 'dsv' for command environment
[0.242s] DEBUG:colcon.colcon_core.shell:Ignoring prefix path '/opt/ros/dashing'
[0.248s] DEBUG:colcon.colcon_core.event_handler.log_command:Invoking command in '/home/hegaozhi/dftc/test/ros2_demo/examples-master/rclcpp/topics/build/examples_rclcpp_minimal_publisher': CMAKE_PREFIX_PATH=${CMAKE_PREFIX_PATH}:/home/hegaozhi/dftc/test/ros2_demo/examples-master/rclpy/topics/install/examples_rclpy_minimal_subscriber:/home/hegaozhi/dftc/test/ros2_demo/examples-master/rclpy/topics/install/examples_rclpy_minimal_publisher /usr/bin/cmake /home/hegaozhi/dftc/test/ros2_demo/examples-master/rclcpp/topics/minimal_publisher -DCMAKE_INSTALL_PREFIX=/home/hegaozhi/dftc/test/ros2_demo/examples-master/rclcpp/topics/install/examples_rclcpp_minimal_publisher
[0.267s] DEBUG:colcon.colcon_core.event_handler.log_command:Invoking command in '/home/hegaozhi/dftc/test/ros2_demo/examples-master/rclcpp/topics/build/examples_rclcpp_minimal_subscriber': CMAKE_PREFIX_PATH=${CMAKE_PREFIX_PATH}:/home/hegaozhi/dftc/test/ros2_demo/examples-master/rclpy/topics/install/examples_rclpy_minimal_subscriber:/home/hegaozhi/dftc/test/ros2_demo/examples-master/rclpy/topics/install/examples_rclpy_minimal_publisher /usr/bin/cmake /home/hegaozhi/dftc/test/ros2_demo/examples-master/rclcpp/topics/minimal_subscriber -DCMAKE_INSTALL_PREFIX=/home/hegaozhi/dftc/test/ros2_demo/examples-master/rclcpp/topics/install/examples_rclcpp_minimal_subscriber
[2.299s] DEBUG:colcon.colcon_core.event_handler.log_command:Invoked command in '/home/hegaozhi/dftc/test/ros2_demo/examples-master/rclcpp/topics/build/examples_rclcpp_minimal_publisher' returned '0': CMAKE_PREFIX_PATH=${CMAKE_PREFIX_PATH}:/home/hegaozhi/dftc/test/ros2_demo/examples-master/rclpy/topics/install/examples_rclpy_minimal_subscriber:/home/hegaozhi/dftc/test/ros2_demo/examples-master/rclpy/topics/install/examples_rclpy_minimal_publisher /usr/bin/cmake /home/hegaozhi/dftc/test/ros2_demo/examples-master/rclcpp/topics/minimal_publisher -DCMAKE_INSTALL_PREFIX=/home/hegaozhi/dftc/test/ros2_demo/examples-master/rclcpp/topics/install/examples_rclcpp_minimal_publisher
[2.300s] DEBUG:colcon.colcon_core.event_handler.log_command:Invoking command in '/home/hegaozhi/dftc/test/ros2_demo/examples-master/rclcpp/topics/build/examples_rclcpp_minimal_publisher': CMAKE_PREFIX_PATH=${CMAKE_PREFIX_PATH}:/home/hegaozhi/dftc/test/ros2_demo/examples-master/rclpy/topics/install/examples_rclpy_minimal_subscriber:/home/hegaozhi/dftc/test/ros2_demo/examples-master/rclpy/topics/install/examples_rclpy_minimal_publisher /usr/bin/cmake --build /home/hegaozhi/dftc/test/ros2_demo/examples-master/rclcpp/topics/build/examples_rclcpp_minimal_publisher -- -j2 -l2
[2.315s] DEBUG:colcon.colcon_core.event_handler.log_command:Invoked command in '/home/hegaozhi/dftc/test/ros2_demo/examples-master/rclcpp/topics/build/examples_rclcpp_minimal_subscriber' returned '0': CMAKE_PREFIX_PATH=${CMAKE_PREFIX_PATH}:/home/hegaozhi/dftc/test/ros2_demo/examples-master/rclpy/topics/install/examples_rclpy_minimal_subscriber:/home/hegaozhi/dftc/test/ros2_demo/examples-master/rclpy/topics/install/examples_rclpy_minimal_publisher /usr/bin/cmake /home/hegaozhi/dftc/test/ros2_demo/examples-master/rclcpp/topics/minimal_subscriber -DCMAKE_INSTALL_PREFIX=/home/hegaozhi/dftc/test/ros2_demo/examples-master/rclcpp/topics/install/examples_rclcpp_minimal_subscriber
[2.316s] DEBUG:colcon.colcon_core.event_handler.log_command:Invoking command in '/home/hegaozhi/dftc/test/ros2_demo/examples-master/rclcpp/topics/build/examples_rclcpp_minimal_subscriber': CMAKE_PREFIX_PATH=${CMAKE_PREFIX_PATH}:/home/hegaozhi/dftc/test/ros2_demo/examples-master/rclpy/topics/install/examples_rclpy_minimal_subscriber:/home/hegaozhi/dftc/test/ros2_demo/examples-master/rclpy/topics/install/examples_rclpy_minimal_publisher /usr/bin/cmake --build /home/hegaozhi/dftc/test/ros2_demo/examples-master/rclcpp/topics/build/examples_rclcpp_minimal_subscriber -- -j2 -l2
[12.267s] DEBUG:colcon.colcon_core.event_handler.log_command:Invoked command in '/home/hegaozhi/dftc/test/ros2_demo/examples-master/rclcpp/topics/build/examples_rclcpp_minimal_publisher' returned '0': CMAKE_PREFIX_PATH=${CMAKE_PREFIX_PATH}:/home/hegaozhi/dftc/test/ros2_demo/examples-master/rclpy/topics/install/examples_rclpy_minimal_subscriber:/home/hegaozhi/dftc/test/ros2_demo/examples-master/rclpy/topics/install/examples_rclpy_minimal_publisher /usr/bin/cmake --build /home/hegaozhi/dftc/test/ros2_demo/examples-master/rclcpp/topics/build/examples_rclcpp_minimal_publisher -- -j2 -l2
[12.320s] DEBUG:colcon.colcon_core.event_handler.log_command:Invoking command in '/home/hegaozhi/dftc/test/ros2_demo/examples-master/rclcpp/topics/build/examples_rclcpp_minimal_publisher': CMAKE_PREFIX_PATH=${CMAKE_PREFIX_PATH}:/home/hegaozhi/dftc/test/ros2_demo/examples-master/rclpy/topics/install/examples_rclpy_minimal_subscriber:/home/hegaozhi/dftc/test/ros2_demo/examples-master/rclpy/topics/install/examples_rclpy_minimal_publisher /usr/bin/cmake --build /home/hegaozhi/dftc/test/ros2_demo/examples-master/rclcpp/topics/build/examples_rclcpp_minimal_publisher --target install -- -j2 -l2
[12.468s] Level 1:colcon.colcon_core.environment:create_environment_scripts_only(examples_rclcpp_minimal_publisher)
[12.472s] Level 1:colcon.colcon_core.environment:checking '/home/hegaozhi/dftc/test/ros2_demo/examples-master/rclcpp/topics/install/examples_rclcpp_minimal_publisher' for CMake module files
[12.472s] Level 1:colcon.colcon_core.environment:checking '/home/hegaozhi/dftc/test/ros2_demo/examples-master/rclcpp/topics/install/examples_rclcpp_minimal_publisher' for CMake config files
[12.473s] Level 1:colcon.colcon_core.shell:create_environment_hook('examples_rclcpp_minimal_publisher', 'cmake_prefix_path')
[12.473s] INFO:colcon.colcon_core.shell:Creating environment hook '/home/hegaozhi/dftc/test/ros2_demo/examples-master/rclcpp/topics/install/examples_rclcpp_minimal_publisher/share/examples_rclcpp_minimal_publisher/hook/cmake_prefix_path.ps1'
[12.474s] INFO:colcon.colcon_core.shell:Creating environment descriptor '/home/hegaozhi/dftc/test/ros2_demo/examples-master/rclcpp/topics/install/examples_rclcpp_minimal_publisher/share/examples_rclcpp_minimal_publisher/hook/cmake_prefix_path.dsv'
[12.474s] INFO:colcon.colcon_core.shell:Creating environment hook '/home/hegaozhi/dftc/test/ros2_demo/examples-master/rclcpp/topics/install/examples_rclcpp_minimal_publisher/share/examples_rclcpp_minimal_publisher/hook/cmake_prefix_path.sh'
[12.476s] DEBUG:colcon.colcon_core.event_handler.log_command:Invoked command in '/home/hegaozhi/dftc/test/ros2_demo/examples-master/rclcpp/topics/build/examples_rclcpp_minimal_publisher' returned '0': CMAKE_PREFIX_PATH=${CMAKE_PREFIX_PATH}:/home/hegaozhi/dftc/test/ros2_demo/examples-master/rclpy/topics/install/examples_rclpy_minimal_subscriber:/home/hegaozhi/dftc/test/ros2_demo/examples-master/rclpy/topics/install/examples_rclpy_minimal_publisher /usr/bin/cmake --build /home/hegaozhi/dftc/test/ros2_demo/examples-master/rclcpp/topics/build/examples_rclcpp_minimal_publisher --target install -- -j2 -l2
[12.476s] Level 1:colcon.colcon_core.environment:checking '/home/hegaozhi/dftc/test/ros2_demo/examples-master/rclcpp/topics/install/examples_rclcpp_minimal_publisher/lib'
[12.476s] Level 1:colcon.colcon_core.environment:checking '/home/hegaozhi/dftc/test/ros2_demo/examples-master/rclcpp/topics/install/examples_rclcpp_minimal_publisher/bin'
[12.476s] Level 1:colcon.colcon_core.environment:checking '/home/hegaozhi/dftc/test/ros2_demo/examples-master/rclcpp/topics/install/examples_rclcpp_minimal_publisher/lib/pkgconfig/examples_rclcpp_minimal_publisher.pc'
[12.477s] Level 1:colcon.colcon_core.environment:checking '/home/hegaozhi/dftc/test/ros2_demo/examples-master/rclcpp/topics/install/examples_rclcpp_minimal_publisher/lib/python3.6/site-packages'
[12.477s] INFO:colcon.colcon_core.shell:Creating package script '/home/hegaozhi/dftc/test/ros2_demo/examples-master/rclcpp/topics/install/examples_rclcpp_minimal_publisher/share/examples_rclcpp_minimal_publisher/package.ps1'
[12.478s] INFO:colcon.colcon_core.shell:Creating package descriptor '/home/hegaozhi/dftc/test/ros2_demo/examples-master/rclcpp/topics/install/examples_rclcpp_minimal_publisher/share/examples_rclcpp_minimal_publisher/package.dsv'
[12.479s] INFO:colcon.colcon_core.shell:Creating package script '/home/hegaozhi/dftc/test/ros2_demo/examples-master/rclcpp/topics/install/examples_rclcpp_minimal_publisher/share/examples_rclcpp_minimal_publisher/package.sh'
[12.480s] INFO:colcon.colcon_core.shell:Creating package script '/home/hegaozhi/dftc/test/ros2_demo/examples-master/rclcpp/topics/install/examples_rclcpp_minimal_publisher/share/examples_rclcpp_minimal_publisher/package.bash'
[12.480s] INFO:colcon.colcon_core.shell:Creating package script '/home/hegaozhi/dftc/test/ros2_demo/examples-master/rclcpp/topics/install/examples_rclcpp_minimal_publisher/share/examples_rclcpp_minimal_publisher/package.zsh'
[12.481s] Level 1:colcon.colcon_core.environment:create_file_with_runtime_dependencies(/home/hegaozhi/dftc/test/ros2_demo/examples-master/rclcpp/topics/install/examples_rclcpp_minimal_publisher/share/colcon-core/packages/examples_rclcpp_minimal_publisher)
[12.929s] DEBUG:colcon.colcon_core.event_handler.log_command:Invoked command in '/home/hegaozhi/dftc/test/ros2_demo/examples-master/rclcpp/topics/build/examples_rclcpp_minimal_subscriber' returned '2': CMAKE_PREFIX_PATH=${CMAKE_PREFIX_PATH}:/home/hegaozhi/dftc/test/ros2_demo/examples-master/rclpy/topics/install/examples_rclpy_minimal_subscriber:/home/hegaozhi/dftc/test/ros2_demo/examples-master/rclpy/topics/install/examples_rclpy_minimal_publisher /usr/bin/cmake --build /home/hegaozhi/dftc/test/ros2_demo/examples-master/rclcpp/topics/build/examples_rclcpp_minimal_subscriber -- -j2 -l2
[12.939s] DEBUG:colcon.colcon_parallel_executor.executor.parallel:closing loop
[12.939s] DEBUG:colcon.colcon_parallel_executor.executor.parallel:loop closed
[12.939s] DEBUG:colcon.colcon_parallel_executor.executor.parallel:run_until_complete finished with '2'
[12.939s] DEBUG:colcon.colcon_core.event_reactor:joining thread
[12.948s] INFO:colcon.colcon_core.plugin_system:Skipping extension 'colcon_notification.desktop_notification.terminal_notifier': Not used on non-Darwin systems
[12.948s] INFO:colcon.colcon_core.plugin_system:Skipping extension 'colcon_notification.desktop_notification.win32': Not used on non-Windows systems
[12.948s] INFO:colcon.colcon_notification.desktop_notification:Sending desktop notification using 'notify2'
[12.955s] DEBUG:colcon.colcon_core.event_reactor:joined thread
[12.956s] INFO:colcon.colcon_core.shell:Creating prefix script '/home/hegaozhi/dftc/test/ros2_demo/examples-master/rclcpp/topics/install/local_setup.ps1'
[12.957s] INFO:colcon.colcon_core.shell:Creating prefix util module '/home/hegaozhi/dftc/test/ros2_demo/examples-master/rclcpp/topics/install/_local_setup_util_ps1.py'
[12.962s] INFO:colcon.colcon_core.shell:Creating prefix chain script '/home/hegaozhi/dftc/test/ros2_demo/examples-master/rclcpp/topics/install/setup.ps1'
[12.965s] INFO:colcon.colcon_core.shell:Creating prefix script '/home/hegaozhi/dftc/test/ros2_demo/examples-master/rclcpp/topics/install/local_setup.sh'
[12.966s] INFO:colcon.colcon_core.shell:Creating prefix util module '/home/hegaozhi/dftc/test/ros2_demo/examples-master/rclcpp/topics/install/_local_setup_util_sh.py'
[12.967s] INFO:colcon.colcon_core.shell:Creating prefix chain script '/home/hegaozhi/dftc/test/ros2_demo/examples-master/rclcpp/topics/install/setup.sh'
[12.969s] INFO:colcon.colcon_core.shell:Creating prefix script '/home/hegaozhi/dftc/test/ros2_demo/examples-master/rclcpp/topics/install/local_setup.bash'
[12.970s] INFO:colcon.colcon_core.shell:Creating prefix chain script '/home/hegaozhi/dftc/test/ros2_demo/examples-master/rclcpp/topics/install/setup.bash'
[12.972s] INFO:colcon.colcon_core.shell:Creating prefix script '/home/hegaozhi/dftc/test/ros2_demo/examples-master/rclcpp/topics/install/local_setup.zsh'
[12.973s] INFO:colcon.colcon_core.shell:Creating prefix chain script '/home/hegaozhi/dftc/test/ros2_demo/examples-master/rclcpp/topics/install/setup.zsh'
